<?xml version="1.0" encoding="UTF-8"?>
<testng-results skipped="0" failed="0" ignored="0" total="1" passed="1">
  <reporter-output>
  </reporter-output>
  <suite name="Default suite" duration-ms="28105" started-at="2017-01-22T16:16:29Z" finished-at="2017-01-22T16:16:58Z">
    <groups>
    </groups>
    <test name="Default test" duration-ms="28105" started-at="2017-01-22T16:16:29Z" finished-at="2017-01-22T16:16:58Z">
      <class name="Guru99Test.LoginFunc_Tc1">
        <test-method status="PASS" signature="openApplication()[pri:0, instance:Guru99Test.LoginFunc_Tc1@6a41eaa2]" name="openApplication" duration-ms="28053" started-at="2017-01-22T21:46:30Z" finished-at="2017-01-22T21:46:58Z">
          <reporter-output>
          </reporter-output>
        </test-method> <!-- openApplication -->
      </class> <!-- Guru99Test.LoginFunc_Tc1 -->
    </test> <!-- Default test -->
  </suite> <!-- Default suite -->
</testng-results>
